Using pre-set license
Built from '2021.3/staging' branch; Version is '2021.3.7f1 (24e8595d6d43) revision 2418777'; Using compiler version '192829333'; Build Type 'Release'
OS: 'Windows 11  (10.0.22000) 64bit Core' Language: 'en' Physical Memory: 16151 MB
BatchMode: 1, IsHumanControllingUs: 0, StartBugReporterOnCrash: 0, Is64bit: 1, IsPro: 1

COMMAND LINE ARGUMENTS:
C:\Program Files\Unity 2021.3.7f1\Editor\Unity.exe
-adb2
-batchMode
-noUpm
-name
AssetImportWorker0
-projectPath
C:/Users/dariu/MicroManufacturing
-logFile
Logs/AssetImportWorker0.log
-srvPort
62215
Successfully changed project path to: C:/Users/dariu/MicroManufacturing
C:/Users/dariu/MicroManufacturing
[UnityMemory] Configuration Parameters - Can be set up in boot.config
    "memorysetup-bucket-allocator-granularity=16"
    "memorysetup-bucket-allocator-bucket-count=8"
    "memorysetup-bucket-allocator-block-size=33554432"
    "memorysetup-bucket-allocator-block-count=8"
    "memorysetup-main-allocator-block-size=16777216"
    "memorysetup-thread-allocator-block-size=16777216"
    "memorysetup-gfx-main-allocator-block-size=16777216"
    "memorysetup-gfx-thread-allocator-block-size=16777216"
    "memorysetup-cache-allocator-block-size=4194304"
    "memorysetup-typetree-allocator-block-size=2097152"
    "memorysetup-profiler-bucket-allocator-granularity=16"
    "memorysetup-profiler-bucket-allocator-bucket-count=8"
    "memorysetup-profiler-bucket-allocator-block-size=33554432"
    "memorysetup-profiler-bucket-allocator-block-count=8"
    "memorysetup-profiler-allocator-block-size=16777216"
    "memorysetup-profiler-editor-allocator-block-size=1048576"
    "memorysetup-temp-allocator-size-main=16777216"
    "memorysetup-job-temp-allocator-block-size=2097152"
    "memorysetup-job-temp-allocator-block-size-background=1048576"
    "memorysetup-job-temp-allocator-reduction-small-platforms=262144"
    "memorysetup-temp-allocator-size-background-worker=32768"
    "memorysetup-temp-allocator-size-job-worker=262144"
    "memorysetup-temp-allocator-size-preload-manager=33554432"
    "memorysetup-temp-allocator-size-nav-mesh-worker=65536"
    "memorysetup-temp-allocator-size-audio-worker=65536"
    "memorysetup-temp-allocator-size-cloud-worker=32768"
    "memorysetup-temp-allocator-size-gi-baking-worker=262144"
    "memorysetup-temp-allocator-size-gfx=262144"
Refreshing native plugins compatible for Editor in 34.34 ms, found 3 plugins.
Preloading 0 native plugins for Editor in 0.00 ms.
Initialize engine version: 2021.3.7f1 (24e8595d6d43)
[Subsystems] Discovering subsystems at path C:/Program Files/Unity 2021.3.7f1/Editor/Data/Resources/UnitySubsystems
[Subsystems] Discovering subsystems at path C:/Users/dariu/MicroManufacturing/Assets
GfxDevice: creating device client; threaded=0; jobified=0
Direct3D:
    Version:  Direct3D 11.0 [level 11.1]
    Renderer: NVIDIA GeForce RTX 3060 Laptop GPU (ID=0x2560)
    Vendor:   NVIDIA
    VRAM:     6023 MB
    Driver:   30.0.15.1236
Initialize mono
Mono path[0] = 'C:/Program Files/Unity 2021.3.7f1/Editor/Data/Managed'
Mono path[1] = 'C:/Program Files/Unity 2021.3.7f1/Editor/Data/MonoBleedingEdge/lib/mono/unityjit-win32'
Mono config path = 'C:/Program Files/Unity 2021.3.7f1/Editor/Data/MonoBleedingEdge/etc'
Using monoOptions --debugger-agent=transport=dt_socket,embedding=1,server=y,suspend=n,address=127.0.0.1:56136
Begin MonoManager ReloadAssembly
Registering precompiled unity dll's ...
Register platform support module: C:/Program Files/Unity 2021.3.7f1/Editor/Data/PlaybackEngines/WindowsStandaloneSupport/UnityEditor.WindowsStandalone.Extensions.dll
Registered in 0.003691 seconds.
Native extension for WindowsStandalone target not found
Refreshing native plugins compatible for Editor in 30.76 ms, found 3 plugins.
Preloading 0 native plugins for Editor in 0.00 ms.
Mono: successfully reloaded assembly
- Completed reload, in  0.517 seconds
Domain Reload Profiling:
	ReloadAssembly (517ms)
		BeginReloadAssembly (68ms)
			ExecutionOrderSort (0ms)
			DisableScriptedObjects (0ms)
			BackupInstance (0ms)
			ReleaseScriptingObjects (0ms)
			CreateAndSetChildDomain (1ms)
		EndReloadAssembly (353ms)
			LoadAssemblies (65ms)
			RebuildTransferFunctionScriptingTraits (0ms)
			SetupTypeCache (86ms)
			ReleaseScriptCaches (0ms)
			RebuildScriptCaches (32ms)
			SetupLoadedEditorAssemblies (192ms)
				LogAssemblyErrors (0ms)
				InitializePlatformSupportModulesInManaged (6ms)
				SetLoadedEditorAssemblies (0ms)
				RefreshPlugins (31ms)
				BeforeProcessingInitializeOnLoad (1ms)
				ProcessInitializeOnLoadAttributes (116ms)
				ProcessInitializeOnLoadMethodAttributes (37ms)
				AfterProcessingInitializeOnLoad (0ms)
				EditorAssembliesLoaded (0ms)
			ExecutionOrderSort2 (0ms)
			AwakeInstancesAfterBackupRestoration (0ms)
Platform modules already initialized, skipping
Registering precompiled user dll's ...
Registered in 0.006324 seconds.
Begin MonoManager ReloadAssembly
Native extension for WindowsStandalone target not found
Refreshing native plugins compatible for Editor in 31.82 ms, found 3 plugins.
Preloading 0 native plugins for Editor in 0.00 ms.
Mono: successfully reloaded assembly
- Completed reload, in  0.845 seconds
Domain Reload Profiling:
	ReloadAssembly (848ms)
		BeginReloadAssembly (110ms)
			ExecutionOrderSort (0ms)
			DisableScriptedObjects (5ms)
			BackupInstance (0ms)
			ReleaseScriptingObjects (0ms)
			CreateAndSetChildDomain (22ms)
		EndReloadAssembly (637ms)
			LoadAssemblies (84ms)
			RebuildTransferFunctionScriptingTraits (0ms)
			SetupTypeCache (158ms)
			ReleaseScriptCaches (0ms)
			RebuildScriptCaches (42ms)
			SetupLoadedEditorAssemblies (321ms)
				LogAssemblyErrors (0ms)
				InitializePlatformSupportModulesInManaged (4ms)
				SetLoadedEditorAssemblies (0ms)
				RefreshPlugins (32ms)
				BeforeProcessingInitializeOnLoad (59ms)
				ProcessInitializeOnLoadAttributes (187ms)
				ProcessInitializeOnLoadMethodAttributes (33ms)
				AfterProcessingInitializeOnLoad (6ms)
				EditorAssembliesLoaded (0ms)
			ExecutionOrderSort2 (0ms)
			AwakeInstancesAfterBackupRestoration (5ms)
Platform modules already initialized, skipping
========================================================================
Worker process is ready to serve import requests
Launched and connected shader compiler UnityShaderCompiler.exe after 0.04 seconds
Refreshing native plugins compatible for Editor in 0.49 ms, found 3 plugins.
Preloading 0 native plugins for Editor in 0.00 ms.
Unloading 2288 Unused Serialized files (Serialized files now loaded: 0)
Unloading 29 unused Assets / (58.7 KB). Loaded Objects now: 2750.
Memory consumption went from 103.9 MB to 103.8 MB.
Total: 2.655600 ms (FindLiveObjects: 0.238700 ms CreateObjectMapping: 0.092200 ms MarkObjects: 2.206100 ms  DeleteObjects: 0.117600 ms)

AssetImportParameters requested are different than current active one (requested -> active):
  custom:video-decoder-ogg-theora: a1e56fd34408186e4bbccfd4996cb3dc -> 
  custom:container-muxer-webm: aa71ff27fc2769a1b78a27578f13a17b -> 
  custom:container-demuxer-webm: 4f35f7cbe854078d1ac9338744f61a02 -> 
  custom:video-encoder-webm-vp8: eb34c28f22e8b96e1ab97ce403110664 -> 
  custom:video-codec-MediaFoundation-h265: 746d11721c4dcdbdad8f713fa42b33f4 -> 
  custom:audio-encoder-webm-vorbis: bf7c407c2cedff20999df2af8eb42d56 -> 
  custom:framework-win-MediaFoundation: 216162199b28c13a410421893ffa2e32 -> 
  custom:container-demuxer-ogg: 62fdf1f143b41e24485cea50d1cbac27 -> 
  custom:video-decoder-webm-vp8: 9c59270c3fd7afecdb556c50c9e8de78 -> 
  custom:audio-decoder-ogg-vorbis: bf7c407c2cedff20999df2af8eb42d56 -> 
========================================================================
Received Import Request.
  Time since last request: 786461.034771 seconds.
  path: Assets/Scenes/SceneTemplate.scenetemplate
  artifactKey: Guid(4efb7b6e9d6bc894a91fa33c09a8969b) Importer(815301076,1909f56bfc062723c751e8b465ee728b)
Start importing Assets/Scenes/SceneTemplate.scenetemplate using Guid(4efb7b6e9d6bc894a91fa33c09a8969b) Importer(815301076,1909f56bfc062723c751e8b465ee728b)  -> (artifact id: '59a76cd45031c4a84eb938478d103e8b') in 0.090005 seconds 
========================================================================
Received Import Request.
  Time since last request: 33.569943 seconds.
  path: Assets/Level1/Button.prefab
  artifactKey: Guid(386fd8331bed75244b2777fb111c039c) Importer(815301076,1909f56bfc062723c751e8b465ee728b)
Start importing Assets/Level1/Button.prefab using Guid(386fd8331bed75244b2777fb111c039c) Importer(815301076,1909f56bfc062723c751e8b465ee728b)  -> (artifact id: '68b992f5a8e20849c885c706f4cb73c8') in 0.024695 seconds 
========================================================================
Received Import Request.
  Time since last request: 0.000026 seconds.
  path: Assets/Level1/LayerStack.prefab
  artifactKey: Guid(f1a39b07f91031f4e8ffffa45e4ac700) Importer(815301076,1909f56bfc062723c751e8b465ee728b)
Start importing Assets/Level1/LayerStack.prefab using Guid(f1a39b07f91031f4e8ffffa45e4ac700) Importer(815301076,1909f56bfc062723c751e8b465ee728b)  -> (artifact id: '1338d29010f7babee73665a808805461') in 0.013435 seconds 
========================================================================
Received Import Request.
  Time since last request: 0.000035 seconds.
  path: Assets/Level1/m_gold.mat
  artifactKey: Guid(916b4ae62fce18b48bf37703925ed8be) Importer(815301076,1909f56bfc062723c751e8b465ee728b)
Start importing Assets/Level1/m_gold.mat using Guid(916b4ae62fce18b48bf37703925ed8be) Importer(815301076,1909f56bfc062723c751e8b465ee728b)  -> (artifact id: '8a2d6ab392185ec1951f5d15f7ea9de3') in 0.090481 seconds 
========================================================================
Received Import Request.
  Time since last request: 0.000039 seconds.
  path: Assets/Level1/m_aluminum.mat
  artifactKey: Guid(c9c307152f1960f4183a5884a41d2c3d) Importer(815301076,1909f56bfc062723c751e8b465ee728b)
Start importing Assets/Level1/m_aluminum.mat using Guid(c9c307152f1960f4183a5884a41d2c3d) Importer(815301076,1909f56bfc062723c751e8b465ee728b)  -> (artifact id: '0fd1531081e712e50b676dd524d90a48') in 0.014342 seconds 
========================================================================
Received Import Request.
  Time since last request: 0.000026 seconds.
  path: Assets/Level1/m_photoresist.mat
  artifactKey: Guid(2d2aa3650e00b0446a44318d474162b4) Importer(815301076,1909f56bfc062723c751e8b465ee728b)
Start importing Assets/Level1/m_photoresist.mat using Guid(2d2aa3650e00b0446a44318d474162b4) Importer(815301076,1909f56bfc062723c751e8b465ee728b)  -> (artifact id: '0a9587ebbb19858a7222e5c7e9e51e2b') in 0.012961 seconds 
========================================================================
Received Import Request.
  Time since last request: 0.000021 seconds.
  path: Assets/Level1/MeshGenerator.prefab
  artifactKey: Guid(8fbe1d2ee1ddd054da1af5ca4f839038) Importer(815301076,1909f56bfc062723c751e8b465ee728b)
Start importing Assets/Level1/MeshGenerator.prefab using Guid(8fbe1d2ee1ddd054da1af5ca4f839038) Importer(815301076,1909f56bfc062723c751e8b465ee728b)  -> (artifact id: '31648cd3c19713d71dc6f2e92e322414') in 0.008492 seconds 
========================================================================
Received Import Request.
  Time since last request: 14.562934 seconds.
  path: Assets/Level1/slider_sprt.png
  artifactKey: Guid(fe41357d08465d249a969051c3680675) Importer(815301076,1909f56bfc062723c751e8b465ee728b)
Start importing Assets/Level1/slider_sprt.png using Guid(fe41357d08465d249a969051c3680675) Importer(815301076,1909f56bfc062723c751e8b465ee728b)  -> (artifact id: '624877c1f2bf924e11a13aba0ab9a077') in 0.045291 seconds 
Editor requested this worker to shutdown with reason: Scaling down because of idle timeout
AssetImportWorker is now disconnected from the server
Process exiting
Exiting without the bug reporter. Application will terminate with return code 0